Removed Pin From Net: NetName=DGND Pin=Detector-2
Removed Pin From Net: NetName=DGND Pin=Detector-4
Removed Pin From Net: NetName=NetC6_2 Pin=R6-1
Removed Pin From Net: NetName=D3V3 Pin=R6-2
Removed Member From Class: ClassName=RiskChemi_Sensors Member=Detector
Removed Member From Class: ClassName=RiskChemi_Sensors Member=R6
Change Component Footprint: Designator=C33 Old Footprint=0603 New Footprint=0805
Change Component Comment : Designator=C33 Old Comment=1uF New Comment=10uF
Change Component Comment : Designator=L4 Old Comment=15uH New Comment=22uH
Change Component Comment : Designator=C21 Old Comment=22nF New Comment=NULL
Change Component Comment : Designator=U2 Old Comment=RT9193-33 New Comment=RT9013-33GB
Change Component Comment : Designator=U13 Old Comment=RT9193-33 New Comment=RT9193-30
Added Component: Designator=BUZ1(BUZ0905)
Added Component: Designator=C48(0805)
Added Component: Designator=C55(0805)
Added Component: Designator=C56(0805)
Added Component: Designator=L6(0805)
Added Component: Designator=Q1(2N7002)
Added Pin To Net: NetName=D3V3 Pin=BUZ1-1
Added Pin To Net: NetName=DGND Pin=C48-1
Added Pin To Net: NetName=D3V0 Pin=C48-2
Added Pin To Net: NetName=DGND Pin=C55-1
Added Pin To Net: NetName=D3V3 Pin=C55-2
Added Pin To Net: NetName=DGND Pin=C56-1
Added Pin To Net: NetName=D3V3 Pin=C56-2
Added Pin To Net: NetName=D3V3 Pin=L6-1
Added Pin To Net: NetName=NetC6_2 Pin=L6-2
Added Pin To Net: NetName=DGND Pin=Q1-3
Added Pin To Net: NetName=BUZZER Pin=Q1-2
Added Pin To Net: NetName=BUZZER Pin=U1-58
Added Net: Name=BUZZER
Added Pin To Net: NetName=NetBUZ1_2 Pin=BUZ1-2
Added Pin To Net: NetName=NetBUZ1_2 Pin=Q1-1
Added Net: Name=NetBUZ1_2
Added Member To Class: ClassName=RiskChemi_Sensors Member=Component BUZ1 BUZZER
Added Member To Class: ClassName=RiskChemi_Sensors Member=Component C48 10uF
Added Member To Class: ClassName=RiskChemi_Sensors Member=Component C55 10uF
Added Member To Class: ClassName=RiskChemi_Sensors Member=Component C56 10uF
Added Member To Class: ClassName=RiskChemi_Sensors Member=Component L6 10uH
Added Member To Class: ClassName=RiskChemi_Sensors Member=Component Q1 2N7002
