Change Component Comment : Designator=C7 Old Comment=1uF New Comment=1uF/16V
Change Component Comment : Designator=C22 Old Comment=1uF New Comment=1uF/16V
Change Component Comment : Designator=C27 Old Comment=1uF New Comment=1uF/16V
Change Component Comment : Designator=C30 Old Comment=1uF New Comment=1uF/16V
Change Component Comment : Designator=C42 Old Comment=1uF New Comment=1uF/16V
Change Component Comment : Designator=C1 Old Comment=10uF New Comment=1uF/50V
Change Component Comment : Designator=C33 Old Comment=10uF New Comment=10uF/25V
Change Component Comment : Designator=C48 Old Comment=10uF New Comment=10uF/25V
Change Component Comment : Designator=C55 Old Comment=10uF New Comment=10uF/25V
Change Component Comment : Designator=C56 Old Comment=10uF New Comment=10uF/25V
Change Component Comment : Designator=C41 Old Comment=22nF New Comment=22nF/16V
Change Component Comment : Designator=C17 Old Comment=22uF New Comment=22uF/16V
Change Component Comment : Designator=C39 Old Comment=22uF New Comment=22uF/16V
Change Component Comment : Designator=C52 Old Comment=47uF New Comment=47uF/50V
Change Component Comment : Designator=C15 Old Comment=82pF New Comment=82pF/16V
Change Component Comment : Designator=C2 Old Comment=100nF New Comment=100nF/16V
Change Component Comment : Designator=C3 Old Comment=100nF New Comment=100nF/16V
Change Component Comment : Designator=C4 Old Comment=100nF New Comment=100nF/16V
Change Component Comment : Designator=C5 Old Comment=100nF New Comment=100nF/16V
Change Component Comment : Designator=C6 Old Comment=100nF New Comment=100nF/16V
Change Component Comment : Designator=C8 Old Comment=100nF New Comment=100nF/16V
Change Component Comment : Designator=C11 Old Comment=100nF New Comment=100nF/16V
Change Component Comment : Designator=C12 Old Comment=100nF New Comment=100nF/16V
Change Component Comment : Designator=C13 Old Comment=100nF New Comment=100nF/16V
Change Component Comment : Designator=C14 Old Comment=100nF New Comment=100nF/16V
Change Component Comment : Designator=C19 Old Comment=100nF New Comment=100nF/16V
Change Component Comment : Designator=C31 Old Comment=100nF New Comment=100nF/16V
Change Component Comment : Designator=C32 Old Comment=100nF New Comment=100nF/16V
Change Component Comment : Designator=C36 Old Comment=100nF New Comment=100nF/16V
Change Component Comment : Designator=C40 Old Comment=100nF New Comment=100nF/16V
Change Component Comment : Designator=C44 Old Comment=100nF New Comment=100nF/16V
Change Component Comment : Designator=C46 Old Comment=100nF New Comment=100nF/16V
Change Component Comment : Designator=C18 Old Comment=150pF New Comment=150pF/16V
Change Component Description : Designator=C1 Old Description=Capacitor,50V New Description=Capacitor
Added Component: Designator=Ant.(PIN1)
Added Pin To Net: NetName=NetAnt._1 Pin=Ant.-1
Added Member To Class: ClassName=RiskChemi_Sensors_V2.11 Member=Component Ant. Antenna
Added Room: Name=RiskChemi_Sensors_V2.11
